example/build/outputs/logs/manifest-merger-debug-report.txt
-- Merging decision tree log ---
manifest
ADDED from demo1\haolexue100\AndroidManifest.xml:2:1-154:12
	package
		ADDED from demo1\haolexue100\AndroidManifest.xml:3:5-41
	android:versionName
		ADDED from demo1\haolexue100\AndroidManifest.xml:6:5-30
		INJECTED from demo1\haolexue100\AndroidManifest.xml
		INJECTED from demo1\haolexue100\AndroidManifest.xml
	android:versionCode
		ADDED from demo1\haolexue100\AndroidManifest.xml:5:5-30
		INJECTED from demo1\haolexue100\AndroidManifest.xml
		INJECTED from demo1\haolexue100\AndroidManifest.xml
	xmlns:android
		ADDED from demo1\haolexue100\AndroidManifest.xml:2:11-69
	android:theme
		ADDED from demo1\haolexue100\AndroidManifest.xml:4:5-47
uses-sdk
ADDED from demo1\haolexue100\AndroidManifest.xml:7:5-74
MERGED from [com.android.support:appcompat-v7:22.2.1] AndroidManifest.xml:20:5-43
MERGED from [com.android.support:support-v4:22.2.1] AndroidManifest.xml:20:5-43
	android:targetSdkVersion
		ADDED from demo1\haolexue100\AndroidManifest.xml:7:42-71
	android:minSdkVersion
		ADDED from demo1\haolexue100\AndroidManifest.xml:7:15-41
permission#com.example.jiwawa.jiguang.permission.JPUSH_MESSAGE
ADDED from demo1\haolexue100\AndroidManifest.xml:9:5-11:47
	android:protectionLevel
		ADDED from demo1\haolexue100\AndroidManifest.xml:11:9-44
	android:name
		ADDED from demo1\haolexue100\AndroidManifest.xml:10:9-75
uses-permission#com.example.jiwawa.jiguang.permission.JPUSH_MESSAGE
ADDED from demo1\haolexue100\AndroidManifest.xml:13:5-91
	android:name
		ADDED from demo1\haolexue100\AndroidManifest.xml:13:22-88
uses-permission#android.permission.RECEIVE_USER_PRESENT
ADDED from demo1\haolexue100\AndroidManifest.xml:14:5-79
	android:name
		ADDED from demo1\haolexue100\AndroidManifest.xml:14:22-76
uses-permission#android.permission.INTERNET
ADDED from demo1\haolexue100\AndroidManifest.xml:15:5-67
	android:name
		ADDED from demo1\haolexue100\AndroidManifest.xml:15:22-64
uses-permission#android.permission.WAKE_LOCK
ADDED from demo1\haolexue100\AndroidManifest.xml:16:5-68
	android:name
		ADDED from demo1\haolexue100\AndroidManifest.xml:16:22-65
uses-permission#android.permission.READ_PHONE_STATE
ADDED from demo1\haolexue100\AndroidManifest.xml:17:5-75
	android:name
		ADDED from demo1\haolexue100\AndroidManifest.xml:17:22-72
uses-permission#android.permission.WRITE_EXTERNAL_STORAGE
ADDED from demo1\haolexue100\AndroidManifest.xml:18:5-81
	android:name
		ADDED from demo1\haolexue100\AndroidManifest.xml:18:22-78
uses-permission#android.permission.READ_EXTERNAL_STORAGE
ADDED from demo1\haolexue100\AndroidManifest.xml:19:5-80
	android:name
		ADDED from demo1\haolexue100\AndroidManifest.xml:19:22-77
uses-permission#android.permission.WRITE_SETTINGS
ADDED from demo1\haolexue100\AndroidManifest.xml:20:5-73
	android:name
		ADDED from demo1\haolexue100\AndroidManifest.xml:20:22-70
uses-permission#android.permission.VIBRATE
ADDED from demo1\haolexue100\AndroidManifest.xml:21:5-66
	android:name
		ADDED from demo1\haolexue100\AndroidManifest.xml:21:22-63
uses-permission#android.permission.MOUNT_UNMOUNT_FILESYSTEMS
ADDED from demo1\haolexue100\AndroidManifest.xml:22:5-84
	android:name
		ADDED from demo1\haolexue100\AndroidManifest.xml:22:22-81
uses-permission#android.permission.ACCESS_NETWORK_STATE
ADDED from demo1\haolexue100\AndroidManifest.xml:23:5-79
	android:name
		ADDED from demo1\haolexue100\AndroidManifest.xml:23:22-76
uses-permission#android.permission.ACCESS_WIFI_STATE
ADDED from demo1\haolexue100\AndroidManifest.xml:24:5-76
	android:name
		ADDED from demo1\haolexue100\AndroidManifest.xml:24:22-73
uses-permission#android.permission.SYSTEM_ALERT_WINDOW
ADDED from demo1\haolexue100\AndroidManifest.xml:26:5-78
	android:name
		ADDED from demo1\haolexue100\AndroidManifest.xml:26:22-75
uses-permission#android.permission.ACCESS_COARSE_LOCATION
ADDED from demo1\haolexue100\AndroidManifest.xml:27:5-81
	android:name
		ADDED from demo1\haolexue100\AndroidManifest.xml:27:22-78
uses-permission#android.permission.CHANGE_WIFI_STATE
ADDED from demo1\haolexue100\AndroidManifest.xml:28:5-76
	android:name
		ADDED from demo1\haolexue100\AndroidManifest.xml:28:22-73
uses-permission#android.permission.ACCESS_FINE_LOCATION
ADDED from demo1\haolexue100\AndroidManifest.xml:29:5-79
	android:name
		ADDED from demo1\haolexue100\AndroidManifest.xml:29:22-76
uses-permission#android.permission.ACCESS_LOCATION_EXTRA_COMMANDS
ADDED from demo1\haolexue100\AndroidManifest.xml:30:5-89
	android:name
		ADDED from demo1\haolexue100\AndroidManifest.xml:30:22-86
uses-permission#android.permission.CHANGE_NETWORK_STATE
ADDED from demo1\haolexue100\AndroidManifest.xml:31:5-79
	android:name
		ADDED from demo1\haolexue100\AndroidManifest.xml:31:22-76
uses-permission#android.permission.GET_TASKS
ADDED from demo1\haolexue100\AndroidManifest.xml:32:5-68
	android:name
		ADDED from demo1\haolexue100\AndroidManifest.xml:32:22-65
uses-permission#android.permission.CALL_PHONE
ADDED from demo1\haolexue100\AndroidManifest.xml:33:5-68
	android:name
		ADDED from demo1\haolexue100\AndroidManifest.xml:33:22-66
application
ADDED from demo1\haolexue100\AndroidManifest.xml:34:5-153:19
MERGED from [com.android.support:appcompat-v7:22.2.1] AndroidManifest.xml:22:5-20
MERGED from [com.android.support:support-v4:22.2.1] AndroidManifest.xml:22:5-20
	android:label
		ADDED from demo1\haolexue100\AndroidManifest.xml:36:9-41
	android:icon
		ADDED from demo1\haolexue100\AndroidManifest.xml:35:9-38
	android:name
		ADDED from demo1\haolexue100\AndroidManifest.xml:37:9-64
activity#com.example.jpushdemo.MainActivity
ADDED from demo1\haolexue100\AndroidManifest.xml:39:9-46:20
	android:label
		ADDED from demo1\haolexue100\AndroidManifest.xml:41:13-45
	android:name
		ADDED from demo1\haolexue100\AndroidManifest.xml:40:13-62
intent-filter#android.intent.action.MAIN+android.intent.category.LAUNCHER
ADDED from demo1\haolexue100\AndroidManifest.xml:42:13-45:29
action#android.intent.action.MAIN
ADDED from demo1\haolexue100\AndroidManifest.xml:43:17-69
	android:name
		ADDED from demo1\haolexue100\AndroidManifest.xml:43:25-66
category#android.intent.category.LAUNCHER
ADDED from demo1\haolexue100\AndroidManifest.xml:44:17-77
	android:name
		ADDED from demo1\haolexue100\AndroidManifest.xml:44:27-74
activity#com.example.jpushdemo.PushSetActivity
ADDED from demo1\haolexue100\AndroidManifest.xml:48:8-115
	android:label
		ADDED from demo1\haolexue100\AndroidManifest.xml:48:71-103
	android:name
		ADDED from demo1\haolexue100\AndroidManifest.xml:48:18-70
activity#com.example.jpushdemo.SettingActivity
ADDED from demo1\haolexue100\AndroidManifest.xml:50:8-115
	android:label
		ADDED from demo1\haolexue100\AndroidManifest.xml:50:71-103
	android:name
		ADDED from demo1\haolexue100\AndroidManifest.xml:50:18-70
activity#com.example.jpushdemo.TestActivity
ADDED from demo1\haolexue100\AndroidManifest.xml:52:9-57:20
	android:exported
		ADDED from demo1\haolexue100\AndroidManifest.xml:52:69-93
	android:name
		ADDED from demo1\haolexue100\AndroidManifest.xml:52:19-68
intent-filter#jpush.testAction+jpush.testCategory
ADDED from demo1\haolexue100\AndroidManifest.xml:53:13-56:29
action#jpush.testAction
ADDED from demo1\haolexue100\AndroidManifest.xml:54:17-59
	android:name
		ADDED from demo1\haolexue100\AndroidManifest.xml:54:25-56
category#jpush.testCategory
ADDED from demo1\haolexue100\AndroidManifest.xml:55:17-63
	android:name
		ADDED from demo1\haolexue100\AndroidManifest.xml:55:27-60
activity#cn.jpush.android.ui.PopWinActivity
ADDED from demo1\haolexue100\AndroidManifest.xml:60:9-64:20
	android:exported
		ADDED from demo1\haolexue100\AndroidManifest.xml:63:13-37
	android:theme
		ADDED from demo1\haolexue100\AndroidManifest.xml:62:13-49
	android:name
		ADDED from demo1\haolexue100\AndroidManifest.xml:61:13-62
activity#com.example.jpushdemo.AboutUsActivity
ADDED from demo1\haolexue100\AndroidManifest.xml:65:9-73
	android:name
		ADDED from demo1\haolexue100\AndroidManifest.xml:65:19-71
activity#com.example.jpushdemo.MyActivity
ADDED from demo1\haolexue100\AndroidManifest.xml:66:9-68
	android:name
		ADDED from demo1\haolexue100\AndroidManifest.xml:66:19-66
activity#com.example.jpushdemo.HomeActivity
ADDED from demo1\haolexue100\AndroidManifest.xml:67:9-119
	android:theme
		ADDED from demo1\haolexue100\AndroidManifest.xml:67:70-117
	android:name
		ADDED from demo1\haolexue100\AndroidManifest.xml:67:19-68
activity#com.example.jpushdemo.LogoutActivity
ADDED from demo1\haolexue100\AndroidManifest.xml:68:9-72
	android:name
		ADDED from demo1\haolexue100\AndroidManifest.xml:68:19-70
activity#cn.jpush.android.ui.PushActivity
ADDED from demo1\haolexue100\AndroidManifest.xml:70:9-80:20
	android:exported
		ADDED from demo1\haolexue100\AndroidManifest.xml:74:13-37
	android:configChanges
		ADDED from demo1\haolexue100\AndroidManifest.xml:72:13-63
	android:theme
		ADDED from demo1\haolexue100\AndroidManifest.xml:73:13-60
	android:name
		ADDED from demo1\haolexue100\AndroidManifest.xml:71:13-60
intent-filter#android.intent.category.DEFAULT+cn.jpush.android.ui.PushActivity+com.example.jiwawa.jiguang
ADDED from demo1\haolexue100\AndroidManifest.xml:75:13-79:29
action#cn.jpush.android.ui.PushActivity
ADDED from demo1\haolexue100\AndroidManifest.xml:76:17-75
	android:name
		ADDED from demo1\haolexue100\AndroidManifest.xml:76:25-72
category#android.intent.category.DEFAULT
ADDED from demo1\haolexue100\AndroidManifest.xml:77:17-76
	android:name
		ADDED from demo1\haolexue100\AndroidManifest.xml:77:27-73
category#com.example.jiwawa.jiguang
ADDED from demo1\haolexue100\AndroidManifest.xml:78:17-71
	android:name
		ADDED from demo1\haolexue100\AndroidManifest.xml:78:27-68
service#cn.jpush.android.service.DownloadService
ADDED from demo1\haolexue100\AndroidManifest.xml:82:9-86:19
	android:enabled
		ADDED from demo1\haolexue100\AndroidManifest.xml:84:13-35
	android:exported
		ADDED from demo1\haolexue100\AndroidManifest.xml:85:13-37
	android:name
		ADDED from demo1\haolexue100\AndroidManifest.xml:83:13-68
service#cn.jpush.android.service.PushService
ADDED from demo1\haolexue100\AndroidManifest.xml:90:9-99:19
	android:process
		ADDED from demo1\haolexue100\AndroidManifest.xml:92:13-36
	android:name
		ADDED from demo1\haolexue100\AndroidManifest.xml:91:13-64
intent-filter#cn.jpush.android.intent.PUSH_TIME+cn.jpush.android.intent.PushService+cn.jpush.android.intent.REGISTER+cn.jpush.android.intent.REPORT
ADDED from demo1\haolexue100\AndroidManifest.xml:93:13-98:29
action#cn.jpush.android.intent.REGISTER
ADDED from demo1\haolexue100\AndroidManifest.xml:94:17-75
	android:name
		ADDED from demo1\haolexue100\AndroidManifest.xml:94:25-72
action#cn.jpush.android.intent.REPORT
ADDED from demo1\haolexue100\AndroidManifest.xml:95:17-73
	android:name
		ADDED from demo1\haolexue100\AndroidManifest.xml:95:25-70
action#cn.jpush.android.intent.PushService
ADDED from demo1\haolexue100\AndroidManifest.xml:96:17-78
	android:name
		ADDED from demo1\haolexue100\AndroidManifest.xml:96:25-75
action#cn.jpush.android.intent.PUSH_TIME
ADDED from demo1\haolexue100\AndroidManifest.xml:97:17-76
	android:name
		ADDED from demo1\haolexue100\AndroidManifest.xml:97:25-73
service#cn.jpush.android.service.DaemonService
ADDED from demo1\haolexue100\AndroidManifest.xml:103:9-112:19
	android:enabled
		ADDED from demo1\haolexue100\AndroidManifest.xml:105:13-35
	android:exported
		ADDED from demo1\haolexue100\AndroidManifest.xml:106:13-36
	android:name
		ADDED from demo1\haolexue100\AndroidManifest.xml:104:13-66
intent-filter#cn.jpush.android.intent.DaemonService+com.example.jiwawa.jiguang
ADDED from demo1\haolexue100\AndroidManifest.xml:107:13-110:29
action#cn.jpush.android.intent.DaemonService
ADDED from demo1\haolexue100\AndroidManifest.xml:108:17-80
	android:name
		ADDED from demo1\haolexue100\AndroidManifest.xml:108:25-77
receiver#cn.jpush.android.service.PushReceiver
ADDED from demo1\haolexue100\AndroidManifest.xml:115:9-133:20
	android:enabled
		ADDED from demo1\haolexue100\AndroidManifest.xml:117:13-35
	android:name
		ADDED from demo1\haolexue100\AndroidManifest.xml:116:13-65
intent-filter#cn.jpush.android.intent.NOTIFICATION_RECEIVED_PROXY+com.example.jiwawa.jiguang
ADDED from demo1\haolexue100\AndroidManifest.xml:118:13-121:29
	android:priority
		ADDED from demo1\haolexue100\AndroidManifest.xml:118:28-51
action#cn.jpush.android.intent.NOTIFICATION_RECEIVED_PROXY
ADDED from demo1\haolexue100\AndroidManifest.xml:119:17-94
	android:name
		ADDED from demo1\haolexue100\AndroidManifest.xml:119:25-91
intent-filter#android.intent.action.USER_PRESENT+android.net.conn.CONNECTIVITY_CHANGE
ADDED from demo1\haolexue100\AndroidManifest.xml:122:13-125:29
action#android.intent.action.USER_PRESENT
ADDED from demo1\haolexue100\AndroidManifest.xml:123:17-77
	android:name
		ADDED from demo1\haolexue100\AndroidManifest.xml:123:25-74
action#android.net.conn.CONNECTIVITY_CHANGE
ADDED from demo1\haolexue100\AndroidManifest.xml:124:17-79
	android:name
		ADDED from demo1\haolexue100\AndroidManifest.xml:124:25-76
intent-filter#android.intent.action.PACKAGE_ADDED+android.intent.action.PACKAGE_REMOVED
ADDED from demo1\haolexue100\AndroidManifest.xml:127:13-132:29
action#android.intent.action.PACKAGE_ADDED
ADDED from demo1\haolexue100\AndroidManifest.xml:128:17-78
	android:name
		ADDED from demo1\haolexue100\AndroidManifest.xml:128:25-75
action#android.intent.action.PACKAGE_REMOVED
ADDED from demo1\haolexue100\AndroidManifest.xml:129:17-80
	android:name
		ADDED from demo1\haolexue100\AndroidManifest.xml:129:25-77
data
ADDED from demo1\haolexue100\AndroidManifest.xml:131:17-50
	android:scheme
		ADDED from demo1\haolexue100\AndroidManifest.xml:131:23-47
receiver#cn.jpush.android.service.AlarmReceiver
ADDED from demo1\haolexue100\AndroidManifest.xml:135:9-99
	android:exported
		ADDED from demo1\haolexue100\AndroidManifest.xml:135:73-97
	android:name
		ADDED from demo1\haolexue100\AndroidManifest.xml:135:19-72
receiver#com.example.jpushdemo.MyReceiver
ADDED from demo1\haolexue100\AndroidManifest.xml:137:9-149:20
	android:enabled
		ADDED from demo1\haolexue100\AndroidManifest.xml:140:13-35
	android:exported
		ADDED from demo1\haolexue100\AndroidManifest.xml:139:13-37
	android:name
		ADDED from demo1\haolexue100\AndroidManifest.xml:138:13-60
intent-filter#cn.jpush.android.intent.CONNECTION+cn.jpush.android.intent.MESSAGE_RECEIVED+cn.jpush.android.intent.NOTIFICATION_OPENED+cn.jpush.android.intent.NOTIFICATION_RECEIVED+cn.jpush.android.intent.REGISTRATION+com.example.jiwawa.jiguang
ADDED from demo1\haolexue100\AndroidManifest.xml:141:13-148:29
action#cn.jpush.android.intent.REGISTRATION
ADDED from demo1\haolexue100\AndroidManifest.xml:142:17-79
	android:name
		ADDED from demo1\haolexue100\AndroidManifest.xml:142:25-76
action#cn.jpush.android.intent.MESSAGE_RECEIVED
ADDED from demo1\haolexue100\AndroidManifest.xml:143:17-83
	android:name
		ADDED from demo1\haolexue100\AndroidManifest.xml:143:25-80
action#cn.jpush.android.intent.NOTIFICATION_RECEIVED
ADDED from demo1\haolexue100\AndroidManifest.xml:144:17-88
	android:name
		ADDED from demo1\haolexue100\AndroidManifest.xml:144:25-85
action#cn.jpush.android.intent.NOTIFICATION_OPENED
ADDED from demo1\haolexue100\AndroidManifest.xml:145:17-86
	android:name
		ADDED from demo1\haolexue100\AndroidManifest.xml:145:25-83
action#cn.jpush.android.intent.CONNECTION
ADDED from demo1\haolexue100\AndroidManifest.xml:146:17-77
	android:name
		ADDED from demo1\haolexue100\AndroidManifest.xml:146:25-74
meta-data#JPUSH_CHANNEL
ADDED from demo1\haolexue100\AndroidManifest.xml:151:9-84
	android:value
		ADDED from demo1\haolexue100\AndroidManifest.xml:151:49-82
	android:name
		ADDED from demo1\haolexue100\AndroidManifest.xml:151:20-48
meta-data#JPUSH_APPKEY
ADDED from demo1\haolexue100\AndroidManifest.xml:152:9-91
	android:value
		ADDED from demo1\haolexue100\AndroidManifest.xml:152:48-88
	android:name
		ADDED from demo1\haolexue100\AndroidManifest.xml:152:20-47